2023-02-17 10:29:31.213  INFO 9248 --- [main] com.example.WebStudyApplication          : Starting WebStudyApplication using Java 1.8.0_351 on CDZB-PF2PA734 with PID 9248 (C:\Users\ext.qiuyc1\IdeaProjects\WebStudy\target\classes started by ext.qiuyc1 in C:\Users\ext.qiuyc1\IdeaProjects\WebStudy)
2023-02-17 10:29:31.218  INFO 9248 --- [main] com.example.WebStudyApplication          : The following 1 profile is active: "prod"
2023-02-17 10:29:33.548  INFO 9248 --- [main] o.s.b.w.embedded.tomcat.TomcatWebServer  : Tomcat initialized with port(s): 80 (http)
2023-02-17 10:29:33.563  INFO 9248 --- [main] o.apache.catalina.core.StandardService   : Starting service [Tomcat]
2023-02-17 10:29:33.564  INFO 9248 --- [main] org.apache.catalina.core.StandardEngine  : Starting Servlet engine: [Apache Tomcat/9.0.65]
2023-02-17 10:29:33.967  INFO 9248 --- [main] o.a.c.c.C.[Tomcat].[localhost].[/]       : Initializing Spring embedded WebApplicationContext
2023-02-17 10:29:33.967  INFO 9248 --- [main] w.s.c.ServletWebServerApplicationContext : Root WebApplicationContext: initialization completed in 2651 ms
2023-02-17 10:29:34.825  INFO 9248 --- [main] o.s.s.web.DefaultSecurityFilterChain     : Will secure any request with [org.springframework.security.web.context.request.async.WebAsyncManagerIntegrationFilter@26586b74, org.springframework.security.web.context.SecurityContextPersistenceFilter@748d2277, org.springframework.security.web.header.HeaderWriterFilter@46349b95, org.springframework.security.web.authentication.logout.LogoutFilter@2cae9b8, org.springframework.security.web.authentication.UsernamePasswordAuthenticationFilter@3b545206, org.springframework.security.web.savedrequest.RequestCacheAwareFilter@d5d5353, org.springframework.security.web.servletapi.SecurityContextHolderAwareRequestFilter@3f0d6038, org.springframework.security.web.authentication.AnonymousAuthenticationFilter@52f57666, org.springframework.security.web.session.SessionManagementFilter@411c6d44, org.springframework.security.web.access.ExceptionTranslationFilter@18b8d173, org.springframework.security.web.access.intercept.FilterSecurityInterceptor@3c3c4a71]
2023-02-17 10:29:34.956  INFO 9248 --- [main] o.s.b.w.embedded.tomcat.TomcatWebServer  : Tomcat started on port(s): 80 (http) with context path ''
2023-02-17 10:29:34.971  INFO 9248 --- [main] com.example.WebStudyApplication          : Started WebStudyApplication in 4.9 seconds (JVM running for 6.612)
2023-02-17 10:30:30.837  INFO 25504 --- [main] com.example.WebStudyApplication          : Starting WebStudyApplication using Java 1.8.0_351 on CDZB-PF2PA734 with PID 25504 (C:\Users\ext.qiuyc1\IdeaProjects\WebStudy\target\classes started by ext.qiuyc1 in C:\Users\ext.qiuyc1\IdeaProjects\WebStudy)
2023-02-17 10:30:30.846  INFO 25504 --- [main] com.example.WebStudyApplication          : The following 1 profile is active: "prod"
2023-02-17 10:30:32.485  INFO 25504 --- [main] o.s.b.w.embedded.tomcat.TomcatWebServer  : Tomcat initialized with port(s): 80 (http)
2023-02-17 10:30:32.498  INFO 25504 --- [main] o.apache.catalina.core.StandardService   : Starting service [Tomcat]
2023-02-17 10:30:32.500  INFO 25504 --- [main] org.apache.catalina.core.StandardEngine  : Starting Servlet engine: [Apache Tomcat/9.0.65]
2023-02-17 10:30:32.708  INFO 25504 --- [main] o.a.c.c.C.[Tomcat].[localhost].[/]       : Initializing Spring embedded WebApplicationContext
2023-02-17 10:30:32.708  INFO 25504 --- [main] w.s.c.ServletWebServerApplicationContext : Root WebApplicationContext: initialization completed in 1775 ms
2023-02-17 10:30:33.677  INFO 25504 --- [main] o.s.s.web.DefaultSecurityFilterChain     : Will secure any request with [org.springframework.security.web.context.request.async.WebAsyncManagerIntegrationFilter@77bb48d5, org.springframework.security.web.context.SecurityContextPersistenceFilter@46349b95, org.springframework.security.web.header.HeaderWriterFilter@18b8d173, org.springframework.security.web.authentication.logout.LogoutFilter@1dc3502b, org.springframework.security.web.authentication.UsernamePasswordAuthenticationFilter@75de6341, org.springframework.security.web.savedrequest.RequestCacheAwareFilter@411c6d44, org.springframework.security.web.servletapi.SecurityContextHolderAwareRequestFilter@39a87e72, org.springframework.security.web.authentication.AnonymousAuthenticationFilter@181d8899, org.springframework.security.web.session.SessionManagementFilter@44f24a20, org.springframework.security.web.access.ExceptionTranslationFilter@715b886f, org.springframework.security.web.access.intercept.FilterSecurityInterceptor@7e53339]
2023-02-17 10:30:33.806  INFO 25504 --- [main] o.s.b.w.embedded.tomcat.TomcatWebServer  : Tomcat started on port(s): 80 (http) with context path ''
2023-02-17 10:30:33.824  INFO 25504 --- [main] com.example.WebStudyApplication          : Started WebStudyApplication in 3.958 seconds (JVM running for 5.274)
2023-02-17 10:33:14.130  INFO 8976 --- [main] com.example.WebStudyApplication          : Starting WebStudyApplication using Java 1.8.0_351 on CDZB-PF2PA734 with PID 8976 (C:\Users\ext.qiuyc1\IdeaProjects\WebStudy\target\classes started by ext.qiuyc1 in C:\Users\ext.qiuyc1\IdeaProjects\WebStudy)
2023-02-17 10:33:14.133  INFO 8976 --- [main] com.example.WebStudyApplication          : The following 1 profile is active: "prod"
2023-02-17 10:33:15.695  INFO 8976 --- [main] o.s.b.w.embedded.tomcat.TomcatWebServer  : Tomcat initialized with port(s): 80 (http)
2023-02-17 10:33:15.705  INFO 8976 --- [main] o.apache.catalina.core.StandardService   : Starting service [Tomcat]
2023-02-17 10:33:15.706  INFO 8976 --- [main] org.apache.catalina.core.StandardEngine  : Starting Servlet engine: [Apache Tomcat/9.0.65]
2023-02-17 10:33:15.862  INFO 8976 --- [main] o.a.c.c.C.[Tomcat].[localhost].[/]       : Initializing Spring embedded WebApplicationContext
2023-02-17 10:33:15.862  INFO 8976 --- [main] w.s.c.ServletWebServerApplicationContext : Root WebApplicationContext: initialization completed in 1661 ms
2023-02-17 10:33:16.548  INFO 8976 --- [main] o.s.s.web.DefaultSecurityFilterChain     : Will secure any request with [org.springframework.security.web.context.request.async.WebAsyncManagerIntegrationFilter@74fab04a, org.springframework.security.web.context.SecurityContextPersistenceFilter@3a082ff4, org.springframework.security.web.header.HeaderWriterFilter@d5d5353, org.springframework.security.web.authentication.logout.LogoutFilter@20b9d5d5, org.springframework.security.web.authentication.UsernamePasswordAuthenticationFilter@52f57666, org.springframework.security.web.savedrequest.RequestCacheAwareFilter@3f0d6038, org.springframework.security.web.servletapi.SecurityContextHolderAwareRequestFilter@333c8791, org.springframework.security.web.authentication.AnonymousAuthenticationFilter@3c83468e, org.springframework.security.web.session.SessionManagementFilter@39a87e72, org.springframework.security.web.access.ExceptionTranslationFilter@411c6d44, org.springframework.security.web.access.intercept.FilterSecurityInterceptor@68f0f72c]
2023-02-17 10:33:16.655  INFO 8976 --- [main] o.s.b.w.embedded.tomcat.TomcatWebServer  : Tomcat started on port(s): 80 (http) with context path ''
2023-02-17 10:33:16.668  INFO 8976 --- [main] com.example.WebStudyApplication          : Started WebStudyApplication in 2.968 seconds (JVM running for 3.527)
2023-02-17 10:33:34.530  INFO 29960 --- [main] com.example.WebStudyApplication          : Starting WebStudyApplication using Java 1.8.0_351 on CDZB-PF2PA734 with PID 29960 (C:\Users\ext.qiuyc1\IdeaProjects\WebStudy\target\classes started by ext.qiuyc1 in C:\Users\ext.qiuyc1\IdeaProjects\WebStudy)
2023-02-17 10:33:34.535  INFO 29960 --- [main] com.example.WebStudyApplication          : The following 1 profile is active: "prod"
2023-02-17 10:33:36.098  INFO 29960 --- [main] o.s.b.w.embedded.tomcat.TomcatWebServer  : Tomcat initialized with port(s): 80 (http)
2023-02-17 10:33:36.109  INFO 29960 --- [main] o.apache.catalina.core.StandardService   : Starting service [Tomcat]
2023-02-17 10:33:36.109  INFO 29960 --- [main] org.apache.catalina.core.StandardEngine  : Starting Servlet engine: [Apache Tomcat/9.0.65]
2023-02-17 10:33:36.279  INFO 29960 --- [main] o.a.c.c.C.[Tomcat].[localhost].[/]       : Initializing Spring embedded WebApplicationContext
2023-02-17 10:33:36.279  INFO 29960 --- [main] w.s.c.ServletWebServerApplicationContext : Root WebApplicationContext: initialization completed in 1661 ms
2023-02-17 10:33:36.970  INFO 29960 --- [main] o.s.s.web.DefaultSecurityFilterChain     : Will secure any request with [org.springframework.security.web.context.request.async.WebAsyncManagerIntegrationFilter@2370ac7a, org.springframework.security.web.context.SecurityContextPersistenceFilter@6573d2f7, org.springframework.security.web.header.HeaderWriterFilter@102c577f, org.springframework.security.web.authentication.logout.LogoutFilter@d5d5353, org.springframework.security.web.authentication.UsernamePasswordAuthenticationFilter@75d4a80f, org.springframework.security.web.savedrequest.RequestCacheAwareFilter@181b8c4b, org.springframework.security.web.servletapi.SecurityContextHolderAwareRequestFilter@56dfab87, org.springframework.security.web.authentication.AnonymousAuthenticationFilter@534180a2, org.springframework.security.web.session.SessionManagementFilter@1fb2d5e, org.springframework.security.web.access.ExceptionTranslationFilter@20ab3e3a, org.springframework.security.web.access.intercept.FilterSecurityInterceptor@4821aa9f]
2023-02-17 10:33:37.081  INFO 29960 --- [main] o.s.b.w.embedded.tomcat.TomcatWebServer  : Tomcat started on port(s): 80 (http) with context path ''
2023-02-17 10:33:37.095  INFO 29960 --- [main] com.example.WebStudyApplication          : Started WebStudyApplication in 3.643 seconds (JVM running for 5.152)
2023-02-17 10:34:23.287  INFO 6664 --- [main] com.example.WebStudyApplication          : Starting WebStudyApplication using Java 1.8.0_351 on CDZB-PF2PA734 with PID 6664 (C:\Users\ext.qiuyc1\IdeaProjects\WebStudy\target\classes started by ext.qiuyc1 in C:\Users\ext.qiuyc1\IdeaProjects\WebStudy)
2023-02-17 10:34:23.300  INFO 6664 --- [main] com.example.WebStudyApplication          : The following 1 profile is active: "prod"
2023-02-17 10:34:25.060  INFO 6664 --- [main] o.s.b.w.embedded.tomcat.TomcatWebServer  : Tomcat initialized with port(s): 80 (http)
2023-02-17 10:34:25.072  INFO 6664 --- [main] o.apache.catalina.core.StandardService   : Starting service [Tomcat]
2023-02-17 10:34:25.072  INFO 6664 --- [main] org.apache.catalina.core.StandardEngine  : Starting Servlet engine: [Apache Tomcat/9.0.65]
2023-02-17 10:34:25.249  INFO 6664 --- [main] o.a.c.c.C.[Tomcat].[localhost].[/]       : Initializing Spring embedded WebApplicationContext
2023-02-17 10:34:25.249  INFO 6664 --- [main] w.s.c.ServletWebServerApplicationContext : Root WebApplicationContext: initialization completed in 1851 ms
2023-02-17 10:34:25.998  INFO 6664 --- [main] o.s.s.web.DefaultSecurityFilterChain     : Will secure any request with [org.springframework.security.web.context.request.async.WebAsyncManagerIntegrationFilter@52f57666, org.springframework.security.web.context.SecurityContextPersistenceFilter@2f897dab, org.springframework.security.web.header.HeaderWriterFilter@176996c3, org.springframework.security.web.authentication.logout.LogoutFilter@1457fde, org.springframework.security.web.authentication.UsernamePasswordAuthenticationFilter@77bb48d5, org.springframework.security.web.savedrequest.RequestCacheAwareFilter@242b6e1a, org.springframework.security.web.servletapi.SecurityContextHolderAwareRequestFilter@237f7970, org.springframework.security.web.authentication.AnonymousAuthenticationFilter@6e041285, org.springframework.security.web.session.SessionManagementFilter@1687eb01, org.springframework.security.web.access.ExceptionTranslationFilter@73844119, org.springframework.security.web.access.intercept.FilterSecurityInterceptor@1352434e]
2023-02-17 10:34:26.126  INFO 6664 --- [main] o.s.b.w.embedded.tomcat.TomcatWebServer  : Tomcat started on port(s): 80 (http) with context path ''
2023-02-17 10:34:26.142  INFO 6664 --- [main] com.example.WebStudyApplication          : Started WebStudyApplication in 3.766 seconds (JVM running for 4.996)
2023-02-17 10:35:16.216  INFO 8712 --- [main] com.example.WebStudyApplication          : Starting WebStudyApplication using Java 1.8.0_351 on CDZB-PF2PA734 with PID 8712 (C:\Users\ext.qiuyc1\IdeaProjects\WebStudy\target\classes started by ext.qiuyc1 in C:\Users\ext.qiuyc1\IdeaProjects\WebStudy)
2023-02-17 10:35:16.220  INFO 8712 --- [main] com.example.WebStudyApplication          : The following 1 profile is active: "dev"
2023-02-17 10:35:17.372  INFO 8712 --- [main] o.s.b.w.embedded.tomcat.TomcatWebServer  : Tomcat initialized with port(s): 8080 (http)
2023-02-17 10:35:17.380  INFO 8712 --- [main] o.apache.catalina.core.StandardService   : Starting service [Tomcat]
2023-02-17 10:35:17.381  INFO 8712 --- [main] org.apache.catalina.core.StandardEngine  : Starting Servlet engine: [Apache Tomcat/9.0.65]
2023-02-17 10:35:17.524  INFO 8712 --- [main] o.a.c.c.C.[Tomcat].[localhost].[/]       : Initializing Spring embedded WebApplicationContext
2023-02-17 10:35:17.525  INFO 8712 --- [main] w.s.c.ServletWebServerApplicationContext : Root WebApplicationContext: initialization completed in 1247 ms
2023-02-17 10:35:18.156  INFO 8712 --- [main] o.s.s.web.DefaultSecurityFilterChain     : Will secure any request with [org.springframework.security.web.context.request.async.WebAsyncManagerIntegrationFilter@3d96fa9e, org.springframework.security.web.context.SecurityContextPersistenceFilter@44f24a20, org.springframework.security.web.header.HeaderWriterFilter@1e253c9d, org.springframework.security.web.authentication.logout.LogoutFilter@561b7d53, org.springframework.security.web.authentication.UsernamePasswordAuthenticationFilter@4f9a6c2d, org.springframework.security.web.savedrequest.RequestCacheAwareFilter@46349b95, org.springframework.security.web.servletapi.SecurityContextHolderAwareRequestFilter@d5d5353, org.springframework.security.web.authentication.AnonymousAuthenticationFilter@3b545206, org.springframework.security.web.session.SessionManagementFilter@18b8d173, org.springframework.security.web.access.ExceptionTranslationFilter@317a118b, org.springframework.security.web.access.intercept.FilterSecurityInterceptor@6cf0a747]
2023-02-17 10:35:18.260  INFO 8712 --- [main] o.s.b.w.embedded.tomcat.TomcatWebServer  : Tomcat started on port(s): 8080 (http) with context path ''
2023-02-17 10:35:18.275  INFO 8712 --- [main] com.example.WebStudyApplication          : Started WebStudyApplication in 2.945 seconds (JVM running for 6.241)
2023-02-17 10:38:31.641  INFO 35596 --- [main] com.example.WebStudyApplication          : Starting WebStudyApplication using Java 1.8.0_351 on CDZB-PF2PA734 with PID 35596 (C:\Users\ext.qiuyc1\IdeaProjects\WebStudy\target\classes started by ext.qiuyc1 in C:\Users\ext.qiuyc1\IdeaProjects\WebStudy)
2023-02-17 10:38:31.647  INFO 35596 --- [main] com.example.WebStudyApplication          : The following 1 profile is active: "dev"
2023-02-17 10:38:33.488  INFO 35596 --- [main] o.s.b.w.embedded.tomcat.TomcatWebServer  : Tomcat initialized with port(s): 8080 (http)
2023-02-17 10:38:33.502  INFO 35596 --- [main] o.apache.catalina.core.StandardService   : Starting service [Tomcat]
2023-02-17 10:38:33.502  INFO 35596 --- [main] org.apache.catalina.core.StandardEngine  : Starting Servlet engine: [Apache Tomcat/9.0.65]
2023-02-17 10:38:33.718  INFO 35596 --- [main] o.a.c.c.C.[Tomcat].[localhost].[/]       : Initializing Spring embedded WebApplicationContext
2023-02-17 10:38:33.718  INFO 35596 --- [main] w.s.c.ServletWebServerApplicationContext : Root WebApplicationContext: initialization completed in 1980 ms
2023-02-17 10:38:33.817  WARN 35596 --- [main] ConfigServletWebServerApplicationContext : Exception encountered during context initialization - cancelling refresh attempt: org.springframework.beans.factory.BeanCreationException: Error creating bean with name 'scheduleConfiguration' defined in file [C:\Users\ext.qiuyc1\IdeaProjects\WebStudy\target\classes\com\example\config\ScheduleConfiguration.class]: Initialization of bean failed; nested exception is java.lang.IllegalStateException: Encountered invalid @Scheduled method 'task': For input string: "*" '5/*' in cron expression "5/* * * * * ?"
2023-02-17 10:38:33.821  INFO 35596 --- [main] o.apache.catalina.core.StandardService   : Stopping service [Tomcat]
2023-02-17 10:38:33.844  INFO 35596 --- [main] ConditionEvaluationReportLoggingListener : 

Error starting ApplicationContext. To display the conditions report re-run your application with 'debug' enabled.
2023-02-17 10:38:33.883 ERROR 35596 --- [main] o.s.boot.SpringApplication               : Application run failed

org.springframework.beans.factory.BeanCreationException: Error creating bean with name 'scheduleConfiguration' defined in file [C:\Users\ext.qiuyc1\IdeaProjects\WebStudy\target\classes\com\example\config\ScheduleConfiguration.class]: Initialization of bean failed; nested exception is java.lang.IllegalStateException: Encountered invalid @Scheduled method 'task': For input string: "*" '5/*' in cron expression "5/* * * * * ?"
	at org.springframework.beans.factory.support.AbstractAutowireCapableBeanFactory.doCreateBean(AbstractAutowireCapableBeanFactory.java:628)
	at org.springframework.beans.factory.support.AbstractAutowireCapableBeanFactory.createBean(AbstractAutowireCapableBeanFactory.java:542)
	at org.springframework.beans.factory.support.AbstractBeanFactory.lambda$doGetBean$0(AbstractBeanFactory.java:335)
	at org.springframework.beans.factory.support.DefaultSingletonBeanRegistry.getSingleton(DefaultSingletonBeanRegistry.java:234)
	at org.springframework.beans.factory.support.AbstractBeanFactory.doGetBean(AbstractBeanFactory.java:333)
	at org.springframework.beans.factory.support.AbstractBeanFactory.getBean(AbstractBeanFactory.java:208)
	at org.springframework.beans.factory.support.DefaultListableBeanFactory.preInstantiateSingletons(DefaultListableBeanFactory.java:955)
	at org.springframework.context.support.AbstractApplicationContext.finishBeanFactoryInitialization(AbstractApplicationContext.java:918)
	at org.springframework.context.support.AbstractApplicationContext.refresh(AbstractApplicationContext.java:583)
	at org.springframework.boot.web.servlet.context.ServletWebServerApplicationContext.refresh(ServletWebServerApplicationContext.java:145)
	at org.springframework.boot.SpringApplication.refresh(SpringApplication.java:745)
	at org.springframework.boot.SpringApplication.refreshContext(SpringApplication.java:420)
	at org.springframework.boot.SpringApplication.run(SpringApplication.java:307)
	at org.springframework.boot.SpringApplication.run(SpringApplication.java:1317)
	at org.springframework.boot.SpringApplication.run(SpringApplication.java:1306)
	at com.example.WebStudyApplication.main(WebStudyApplication.java:14)
Caused by: java.lang.IllegalStateException: Encountered invalid @Scheduled method 'task': For input string: "*" '5/*' in cron expression "5/* * * * * ?"
	at org.springframework.scheduling.annotation.ScheduledAnnotationBeanPostProcessor.processScheduled(ScheduledAnnotationBeanPostProcessor.java:518)
	at org.springframework.scheduling.annotation.ScheduledAnnotationBeanPostProcessor.lambda$null$1(ScheduledAnnotationBeanPostProcessor.java:380)
	at java.lang.Iterable.forEach(Iterable.java:75)
	at org.springframework.scheduling.annotation.ScheduledAnnotationBeanPostProcessor.lambda$postProcessAfterInitialization$2(ScheduledAnnotationBeanPostProcessor.java:380)
	at java.util.LinkedHashMap.forEach(LinkedHashMap.java:684)
	at org.springframework.scheduling.annotation.ScheduledAnnotationBeanPostProcessor.postProcessAfterInitialization(ScheduledAnnotationBeanPostProcessor.java:379)
	at org.springframework.beans.factory.support.AbstractAutowireCapableBeanFactory.applyBeanPostProcessorsAfterInitialization(AbstractAutowireCapableBeanFactory.java:455)
	at org.springframework.beans.factory.support.AbstractAutowireCapableBeanFactory.initializeBean(AbstractAutowireCapableBeanFactory.java:1808)
	at org.springframework.beans.factory.support.AbstractAutowireCapableBeanFactory.doCreateBean(AbstractAutowireCapableBeanFactory.java:620)
	... 15 common frames omitted

2023-02-17 10:40:08.105  INFO 14668 --- [main] com.example.WebStudyApplication          : Starting WebStudyApplication using Java 1.8.0_351 on CDZB-PF2PA734 with PID 14668 (C:\Users\ext.qiuyc1\IdeaProjects\WebStudy\target\classes started by ext.qiuyc1 in C:\Users\ext.qiuyc1\IdeaProjects\WebStudy)
2023-02-17 10:40:08.110  INFO 14668 --- [main] com.example.WebStudyApplication          : The following 1 profile is active: "dev"
2023-02-17 10:40:09.746  INFO 14668 --- [main] o.s.b.w.embedded.tomcat.TomcatWebServer  : Tomcat initialized with port(s): 8080 (http)
2023-02-17 10:40:09.756  INFO 14668 --- [main] o.apache.catalina.core.StandardService   : Starting service [Tomcat]
2023-02-17 10:40:09.757  INFO 14668 --- [main] org.apache.catalina.core.StandardEngine  : Starting Servlet engine: [Apache Tomcat/9.0.65]
2023-02-17 10:40:09.934  INFO 14668 --- [main] o.a.c.c.C.[Tomcat].[localhost].[/]       : Initializing Spring embedded WebApplicationContext
2023-02-17 10:40:09.934  INFO 14668 --- [main] w.s.c.ServletWebServerApplicationContext : Root WebApplicationContext: initialization completed in 1739 ms
2023-02-17 10:40:10.711  INFO 14668 --- [main] o.s.s.web.DefaultSecurityFilterChain     : Will secure any request with [org.springframework.security.web.context.request.async.WebAsyncManagerIntegrationFilter@64d4f7c7, org.springframework.security.web.context.SecurityContextPersistenceFilter@1dc3502b, org.springframework.security.web.header.HeaderWriterFilter@6c0e13b7, org.springframework.security.web.authentication.logout.LogoutFilter@2f84acf7, org.springframework.security.web.authentication.UsernamePasswordAuthenticationFilter@17143b3b, org.springframework.security.web.savedrequest.RequestCacheAwareFilter@67e13bd0, org.springframework.security.web.servletapi.SecurityContextHolderAwareRequestFilter@4228bf58, org.springframework.security.web.authentication.AnonymousAuthenticationFilter@54e02f6a, org.springframework.security.web.session.SessionManagementFilter@561b7d53, org.springframework.security.web.access.ExceptionTranslationFilter@7b948f3e, org.springframework.security.web.access.intercept.FilterSecurityInterceptor@74fab04a]
2023-02-17 10:40:10.821  INFO 14668 --- [main] o.s.b.w.embedded.tomcat.TomcatWebServer  : Tomcat started on port(s): 8080 (http) with context path ''
2023-02-17 10:40:10.838  INFO 14668 --- [main] com.example.WebStudyApplication          : Started WebStudyApplication in 3.741 seconds (JVM running for 5.082)
2023-02-17 11:07:39.019  INFO 30364 --- [main] com.example.WebStudyApplication          : Starting WebStudyApplication using Java 1.8.0_351 on CDZB-PF2PA734 with PID 30364 (C:\Users\ext.qiuyc1\IdeaProjects\WebStudy\target\classes started by ext.qiuyc1 in C:\Users\ext.qiuyc1\IdeaProjects\WebStudy)
2023-02-17 11:07:39.022  INFO 30364 --- [main] com.example.WebStudyApplication          : The following 1 profile is active: "dev"
2023-02-17 11:07:39.818  INFO 30364 --- [main] o.s.b.w.embedded.tomcat.TomcatWebServer  : Tomcat initialized with port(s): 8080 (http)
2023-02-17 11:07:39.825  INFO 30364 --- [main] o.apache.catalina.core.StandardService   : Starting service [Tomcat]
2023-02-17 11:07:39.827  INFO 30364 --- [main] org.apache.catalina.core.StandardEngine  : Starting Servlet engine: [Apache Tomcat/9.0.65]
2023-02-17 11:07:39.930  INFO 30364 --- [main] o.a.c.c.C.[Tomcat].[localhost].[/]       : Initializing Spring embedded WebApplicationContext
2023-02-17 11:07:39.931  INFO 30364 --- [main] w.s.c.ServletWebServerApplicationContext : Root WebApplicationContext: initialization completed in 872 ms
2023-02-17 11:07:40.406  INFO 30364 --- [main] o.s.s.web.DefaultSecurityFilterChain     : Will secure any request with [org.springframework.security.web.context.request.async.WebAsyncManagerIntegrationFilter@10f7918f, org.springframework.security.web.context.SecurityContextPersistenceFilter@1cc680e, org.springframework.security.web.header.HeaderWriterFilter@333c8791, org.springframework.security.web.authentication.logout.LogoutFilter@16727bf0, org.springframework.security.web.authentication.UsernamePasswordAuthenticationFilter@3a26ec8d, org.springframework.security.web.savedrequest.RequestCacheAwareFilter@6a1d3225, org.springframework.security.web.servletapi.SecurityContextHolderAwareRequestFilter@17fa1336, org.springframework.security.web.authentication.AnonymousAuthenticationFilter@64d4f7c7, org.springframework.security.web.session.SessionManagementFilter@22eaa86e, org.springframework.security.web.access.ExceptionTranslationFilter@58f39564, org.springframework.security.web.access.intercept.FilterSecurityInterceptor@3aa41da1]
2023-02-17 11:07:40.469  INFO 30364 --- [main] o.s.b.w.embedded.tomcat.TomcatWebServer  : Tomcat started on port(s): 8080 (http) with context path ''
2023-02-17 11:07:40.479  INFO 30364 --- [main] com.example.WebStudyApplication          : Started WebStudyApplication in 1.885 seconds (JVM running for 2.46)
2023-02-17 11:08:02.536  INFO 30364 --- [http-nio-8080-exec-2] o.a.c.c.C.[Tomcat].[localhost].[/]       : Initializing Spring DispatcherServlet 'dispatcherServlet'
2023-02-17 11:08:02.536  INFO 30364 --- [http-nio-8080-exec-2] o.s.web.servlet.DispatcherServlet        : Initializing Servlet 'dispatcherServlet'
2023-02-17 11:08:02.538  INFO 30364 --- [http-nio-8080-exec-2] o.s.web.servlet.DispatcherServlet        : Completed initialization in 1 ms
2023-02-17 11:08:02.610  INFO 30364 --- [http-nio-8080-exec-1] com.example.controller.MainController    : 有人访问登录页面
2023-02-17 11:08:14.390  INFO 30364 --- [http-nio-8080-exec-3] com.zaxxer.hikari.HikariDataSource       : HikariPool-1 - Starting...
2023-02-17 11:08:16.127  INFO 30364 --- [http-nio-8080-exec-3] com.zaxxer.hikari.HikariDataSource       : HikariPool-1 - Start completed.
2023-02-17 11:08:16.443  INFO 30364 --- [http-nio-8080-exec-4] com.example.controller.MainController    : 有人访问图片
2023-02-17 11:08:50.344  INFO 30364 --- [http-nio-8080-exec-4] com.example.controller.MainController    : 有人访问图片
2023-02-17 11:18:38.828  INFO 30364 --- [SpringApplicationShutdownHook] com.zaxxer.hikari.HikariDataSource       : HikariPool-1 - Shutdown initiated...
2023-02-17 11:18:38.836  INFO 30364 --- [SpringApplicationShutdownHook] com.zaxxer.hikari.HikariDataSource       : HikariPool-1 - Shutdown completed.
2023-02-17 11:18:49.443  INFO 8136 --- [main] com.example.WebStudyApplication          : Starting WebStudyApplication using Java 1.8.0_351 on CDZB-PF2PA734 with PID 8136 (C:\Users\ext.qiuyc1\IdeaProjects\WebStudy\target\classes started by ext.qiuyc1 in C:\Users\ext.qiuyc1\IdeaProjects\WebStudy)
2023-02-17 11:18:49.449  INFO 8136 --- [main] com.example.WebStudyApplication          : The following 1 profile is active: "dev"
2023-02-17 11:18:51.168  INFO 8136 --- [main] o.s.b.w.embedded.tomcat.TomcatWebServer  : Tomcat initialized with port(s): 8080 (http)
2023-02-17 11:18:51.181  INFO 8136 --- [main] o.apache.catalina.core.StandardService   : Starting service [Tomcat]
2023-02-17 11:18:51.182  INFO 8136 --- [main] org.apache.catalina.core.StandardEngine  : Starting Servlet engine: [Apache Tomcat/9.0.65]
2023-02-17 11:18:51.379  INFO 8136 --- [main] o.a.c.c.C.[Tomcat].[localhost].[/]       : Initializing Spring embedded WebApplicationContext
2023-02-17 11:18:51.380  INFO 8136 --- [main] w.s.c.ServletWebServerApplicationContext : Root WebApplicationContext: initialization completed in 1844 ms
2023-02-17 11:18:52.340  INFO 8136 --- [main] o.s.s.web.DefaultSecurityFilterChain     : Will secure any request with [org.springframework.security.web.context.request.async.WebAsyncManagerIntegrationFilter@cdb3c85, org.springframework.security.web.context.SecurityContextPersistenceFilter@16cf8438, org.springframework.security.web.header.HeaderWriterFilter@48cd319d, org.springframework.security.web.authentication.logout.LogoutFilter@543fe698, org.springframework.security.web.authentication.UsernamePasswordAuthenticationFilter@2fd9fb34, org.springframework.security.web.savedrequest.RequestCacheAwareFilter@7c588adc, org.springframework.security.web.servletapi.SecurityContextHolderAwareRequestFilter@492521c4, org.springframework.security.web.authentication.AnonymousAuthenticationFilter@37606fee, org.springframework.security.web.session.SessionManagementFilter@4ef18604, org.springframework.security.web.access.ExceptionTranslationFilter@2322e56f, org.springframework.security.web.access.intercept.FilterSecurityInterceptor@508ad266]
2023-02-17 11:18:52.473  INFO 8136 --- [main] o.s.b.w.embedded.tomcat.TomcatWebServer  : Tomcat started on port(s): 8080 (http) with context path ''
2023-02-17 11:19:02.427  INFO 8136 --- [main] com.example.WebStudyApplication          : Started WebStudyApplication in 13.987 seconds (JVM running for 17.145)
2023-02-17 11:20:01.975  INFO 13244 --- [main] com.example.WebStudyApplication          : Starting WebStudyApplication using Java 1.8.0_351 on CDZB-PF2PA734 with PID 13244 (C:\Users\ext.qiuyc1\IdeaProjects\WebStudy\target\classes started by ext.qiuyc1 in C:\Users\ext.qiuyc1\IdeaProjects\WebStudy)
2023-02-17 11:20:01.980  INFO 13244 --- [main] com.example.WebStudyApplication          : The following 1 profile is active: "dev"
2023-02-17 11:20:03.871  INFO 13244 --- [main] o.s.b.w.embedded.tomcat.TomcatWebServer  : Tomcat initialized with port(s): 8080 (http)
2023-02-17 11:20:03.886  INFO 13244 --- [main] o.apache.catalina.core.StandardService   : Starting service [Tomcat]
2023-02-17 11:20:03.887  INFO 13244 --- [main] org.apache.catalina.core.StandardEngine  : Starting Servlet engine: [Apache Tomcat/9.0.65]
2023-02-17 11:20:04.140  INFO 13244 --- [main] o.a.c.c.C.[Tomcat].[localhost].[/]       : Initializing Spring embedded WebApplicationContext
2023-02-17 11:20:04.141  INFO 13244 --- [main] w.s.c.ServletWebServerApplicationContext : Root WebApplicationContext: initialization completed in 2070 ms
2023-02-17 11:20:05.273  INFO 13244 --- [main] o.s.s.web.DefaultSecurityFilterChain     : Will secure any request with [org.springframework.security.web.context.request.async.WebAsyncManagerIntegrationFilter@349c4d1c, org.springframework.security.web.context.SecurityContextPersistenceFilter@679d0be8, org.springframework.security.web.header.HeaderWriterFilter@3757e8e2, org.springframework.security.web.authentication.logout.LogoutFilter@7558c24b, org.springframework.security.web.authentication.UsernamePasswordAuthenticationFilter@357f6391, org.springframework.security.web.savedrequest.RequestCacheAwareFilter@47044f7d, org.springframework.security.web.servletapi.SecurityContextHolderAwareRequestFilter@4a642e4b, org.springframework.security.web.authentication.AnonymousAuthenticationFilter@21edd891, org.springframework.security.web.session.SessionManagementFilter@7f8a9454, org.springframework.security.web.access.ExceptionTranslationFilter@7ab2a07e, org.springframework.security.web.access.intercept.FilterSecurityInterceptor@bb3ecfe]
2023-02-17 11:20:05.443  INFO 13244 --- [main] o.s.b.w.embedded.tomcat.TomcatWebServer  : Tomcat started on port(s): 8080 (http) with context path ''
2023-02-17 11:21:03.597  INFO 13244 --- [main] com.example.WebStudyApplication          : Started WebStudyApplication in 62.731 seconds (JVM running for 63.542)
2023-02-17 11:21:29.399  INFO 20184 --- [main] com.example.WebStudyApplication          : Starting WebStudyApplication using Java 1.8.0_351 on CDZB-PF2PA734 with PID 20184 (C:\Users\ext.qiuyc1\IdeaProjects\WebStudy\target\classes started by ext.qiuyc1 in C:\Users\ext.qiuyc1\IdeaProjects\WebStudy)
2023-02-17 11:21:29.405  INFO 20184 --- [main] com.example.WebStudyApplication          : The following 1 profile is active: "dev"
2023-02-17 11:21:31.075  INFO 20184 --- [main] o.s.b.w.embedded.tomcat.TomcatWebServer  : Tomcat initialized with port(s): 8080 (http)
2023-02-17 11:21:31.088  INFO 20184 --- [main] o.apache.catalina.core.StandardService   : Starting service [Tomcat]
2023-02-17 11:21:31.089  INFO 20184 --- [main] org.apache.catalina.core.StandardEngine  : Starting Servlet engine: [Apache Tomcat/9.0.65]
2023-02-17 11:21:31.282  INFO 20184 --- [main] o.a.c.c.C.[Tomcat].[localhost].[/]       : Initializing Spring embedded WebApplicationContext
2023-02-17 11:21:31.282  INFO 20184 --- [main] w.s.c.ServletWebServerApplicationContext : Root WebApplicationContext: initialization completed in 1789 ms
2023-02-17 11:21:32.140  INFO 20184 --- [main] o.s.s.web.DefaultSecurityFilterChain     : Will secure any request with [org.springframework.security.web.context.request.async.WebAsyncManagerIntegrationFilter@5c8d58ed, org.springframework.security.web.context.SecurityContextPersistenceFilter@478fb7dc, org.springframework.security.web.header.HeaderWriterFilter@1ee5632d, org.springframework.security.web.authentication.logout.LogoutFilter@4f114b, org.springframework.security.web.authentication.UsernamePasswordAuthenticationFilter@11f23038, org.springframework.security.web.savedrequest.RequestCacheAwareFilter@19b75b2b, org.springframework.security.web.servletapi.SecurityContextHolderAwareRequestFilter@6aa7e176, org.springframework.security.web.authentication.AnonymousAuthenticationFilter@6a567f7b, org.springframework.security.web.session.SessionManagementFilter@563ccd31, org.springframework.security.web.access.ExceptionTranslationFilter@39023dbf, org.springframework.security.web.access.intercept.FilterSecurityInterceptor@67b61834]
2023-02-17 11:21:32.275  INFO 20184 --- [main] o.s.b.w.embedded.tomcat.TomcatWebServer  : Tomcat started on port(s): 8080 (http) with context path ''
2023-02-17 11:30:32.242  INFO 20184 --- [main] com.example.WebStudyApplication          : Started WebStudyApplication in 544.06 seconds (JVM running for 546.246)
2023-02-17 13:57:21.846  INFO 22568 --- [main] com.example.WebStudyApplication          : Starting WebStudyApplication using Java 1.8.0_351 on CDZB-PF2PA734 with PID 22568 (C:\Users\ext.qiuyc1\IdeaProjects\WebStudy\target\classes started by ext.qiuyc1 in C:\Users\ext.qiuyc1\IdeaProjects\WebStudy)
2023-02-17 13:57:21.851  INFO 22568 --- [main] com.example.WebStudyApplication          : The following 1 profile is active: "dev"
2023-02-17 13:57:23.150  INFO 22568 --- [main] o.s.b.w.embedded.tomcat.TomcatWebServer  : Tomcat initialized with port(s): 8080 (http)
2023-02-17 13:57:23.160  INFO 22568 --- [main] o.apache.catalina.core.StandardService   : Starting service [Tomcat]
2023-02-17 13:57:23.161  INFO 22568 --- [main] org.apache.catalina.core.StandardEngine  : Starting Servlet engine: [Apache Tomcat/9.0.65]
2023-02-17 13:57:23.309  INFO 22568 --- [main] o.a.c.c.C.[Tomcat].[localhost].[/]       : Initializing Spring embedded WebApplicationContext
2023-02-17 13:57:23.309  INFO 22568 --- [main] w.s.c.ServletWebServerApplicationContext : Root WebApplicationContext: initialization completed in 1383 ms
2023-02-17 13:57:24.066  INFO 22568 --- [main] o.s.s.web.DefaultSecurityFilterChain     : Will secure any request with [org.springframework.security.web.context.request.async.WebAsyncManagerIntegrationFilter@10f7918f, org.springframework.security.web.context.SecurityContextPersistenceFilter@1cc680e, org.springframework.security.web.header.HeaderWriterFilter@333c8791, org.springframework.security.web.authentication.logout.LogoutFilter@16727bf0, org.springframework.security.web.authentication.UsernamePasswordAuthenticationFilter@3a26ec8d, org.springframework.security.web.savedrequest.RequestCacheAwareFilter@6a1d3225, org.springframework.security.web.servletapi.SecurityContextHolderAwareRequestFilter@17fa1336, org.springframework.security.web.authentication.AnonymousAuthenticationFilter@64d4f7c7, org.springframework.security.web.session.SessionManagementFilter@22eaa86e, org.springframework.security.web.access.ExceptionTranslationFilter@58f39564, org.springframework.security.web.access.intercept.FilterSecurityInterceptor@3aa41da1]
2023-02-17 13:57:24.182  INFO 22568 --- [main] o.s.b.w.embedded.tomcat.TomcatWebServer  : Tomcat started on port(s): 8080 (http) with context path ''
2023-02-17 13:57:24.199  INFO 22568 --- [main] com.example.WebStudyApplication          : Started WebStudyApplication in 3.104 seconds (JVM running for 4.196)
2023-02-17 13:57:39.352  INFO 22568 --- [http-nio-8080-exec-1] o.a.c.c.C.[Tomcat].[localhost].[/]       : Initializing Spring DispatcherServlet 'dispatcherServlet'
2023-02-17 13:57:39.353  INFO 22568 --- [http-nio-8080-exec-1] o.s.web.servlet.DispatcherServlet        : Initializing Servlet 'dispatcherServlet'
2023-02-17 13:57:39.355  INFO 22568 --- [http-nio-8080-exec-1] o.s.web.servlet.DispatcherServlet        : Completed initialization in 1 ms
2023-02-17 13:57:39.428  INFO 22568 --- [http-nio-8080-exec-3] com.example.controller.MainController    : 有人访问登录页面
2023-02-17 13:57:51.134  INFO 22568 --- [http-nio-8080-exec-2] com.zaxxer.hikari.HikariDataSource       : HikariPool-1 - Starting...
2023-02-17 13:57:51.686  INFO 22568 --- [http-nio-8080-exec-2] com.zaxxer.hikari.HikariDataSource       : HikariPool-1 - Start completed.
2023-02-17 13:57:51.981  INFO 22568 --- [http-nio-8080-exec-4] com.example.controller.MainController    : 有人访问图片
2023-02-17 14:01:38.114  INFO 22568 --- [SpringApplicationShutdownHook] com.zaxxer.hikari.HikariDataSource       : HikariPool-1 - Shutdown initiated...
2023-02-17 14:01:38.121  INFO 22568 --- [SpringApplicationShutdownHook] com.zaxxer.hikari.HikariDataSource       : HikariPool-1 - Shutdown completed.
2023-02-17 14:01:42.498  INFO 11740 --- [main] com.example.WebStudyApplication          : Starting WebStudyApplication using Java 1.8.0_351 on CDZB-PF2PA734 with PID 11740 (C:\Users\ext.qiuyc1\IdeaProjects\WebStudy\target\classes started by ext.qiuyc1 in C:\Users\ext.qiuyc1\IdeaProjects\WebStudy)
2023-02-17 14:01:42.502  INFO 11740 --- [main] com.example.WebStudyApplication          : The following 1 profile is active: "dev"
2023-02-17 14:01:43.363  INFO 11740 --- [main] o.s.b.w.embedded.tomcat.TomcatWebServer  : Tomcat initialized with port(s): 8080 (http)
2023-02-17 14:01:43.369  INFO 11740 --- [main] o.apache.catalina.core.StandardService   : Starting service [Tomcat]
2023-02-17 14:01:43.370  INFO 11740 --- [main] org.apache.catalina.core.StandardEngine  : Starting Servlet engine: [Apache Tomcat/9.0.65]
2023-02-17 14:01:43.488  INFO 11740 --- [main] o.a.c.c.C.[Tomcat].[localhost].[/]       : Initializing Spring embedded WebApplicationContext
2023-02-17 14:01:43.489  INFO 11740 --- [main] w.s.c.ServletWebServerApplicationContext : Root WebApplicationContext: initialization completed in 948 ms
2023-02-17 14:01:44.510  INFO 11740 --- [main] o.s.s.web.DefaultSecurityFilterChain     : Will secure any request with [org.springframework.security.web.context.request.async.WebAsyncManagerIntegrationFilter@2bfb6b49, org.springframework.security.web.context.SecurityContextPersistenceFilter@4228bf58, org.springframework.security.web.header.HeaderWriterFilter@2cae9b8, org.springframework.security.web.authentication.logout.LogoutFilter@1d9bd4da, org.springframework.security.web.authentication.UsernamePasswordAuthenticationFilter@3ba46e63, org.springframework.security.web.savedrequest.RequestCacheAwareFilter@20b9d5d5, org.springframework.security.web.servletapi.SecurityContextHolderAwareRequestFilter@c755b2, org.springframework.security.web.authentication.AnonymousAuthenticationFilter@1f346ad2, org.springframework.security.web.session.SessionManagementFilter@6f94fb9d, org.springframework.security.web.access.ExceptionTranslationFilter@1dc3502b, org.springframework.security.web.access.intercept.FilterSecurityInterceptor@17143b3b]
2023-02-17 14:01:44.599  INFO 11740 --- [main] o.s.b.w.embedded.tomcat.TomcatWebServer  : Tomcat started on port(s): 8080 (http) with context path ''
2023-02-17 14:01:44.610  INFO 11740 --- [main] com.example.WebStudyApplication          : Started WebStudyApplication in 2.559 seconds (JVM running for 3.464)
2023-02-17 14:01:46.553  INFO 11740 --- [http-nio-8080-exec-1] o.a.c.c.C.[Tomcat].[localhost].[/]       : Initializing Spring DispatcherServlet 'dispatcherServlet'
2023-02-17 14:01:46.554  INFO 11740 --- [http-nio-8080-exec-1] o.s.web.servlet.DispatcherServlet        : Initializing Servlet 'dispatcherServlet'
2023-02-17 14:01:46.555  INFO 11740 --- [http-nio-8080-exec-1] o.s.web.servlet.DispatcherServlet        : Completed initialization in 1 ms
2023-02-17 14:01:46.612  INFO 11740 --- [http-nio-8080-exec-2] com.example.controller.MainController    : 有人访问登录页面
2023-02-17 14:01:53.732  INFO 11740 --- [http-nio-8080-exec-3] com.zaxxer.hikari.HikariDataSource       : HikariPool-1 - Starting...
2023-02-17 14:01:54.447  INFO 11740 --- [http-nio-8080-exec-3] com.zaxxer.hikari.HikariDataSource       : HikariPool-1 - Start completed.
2023-02-17 14:01:55.260  INFO 11740 --- [http-nio-8080-exec-4] com.example.controller.MainController    : 有人访问图片
2023-02-17 14:03:12.470  INFO 11740 --- [SpringApplicationShutdownHook] com.zaxxer.hikari.HikariDataSource       : HikariPool-1 - Shutdown initiated...
2023-02-17 14:03:12.478  INFO 11740 --- [SpringApplicationShutdownHook] com.zaxxer.hikari.HikariDataSource       : HikariPool-1 - Shutdown completed.
2023-02-17 14:03:20.553  INFO 27552 --- [main] com.example.WebStudyApplication          : Starting WebStudyApplication using Java 1.8.0_351 on CDZB-PF2PA734 with PID 27552 (C:\Users\ext.qiuyc1\IdeaProjects\WebStudy\target\classes started by ext.qiuyc1 in C:\Users\ext.qiuyc1\IdeaProjects\WebStudy)
2023-02-17 14:03:20.561  INFO 27552 --- [main] com.example.WebStudyApplication          : The following 1 profile is active: "dev"
2023-02-17 14:03:22.345  INFO 27552 --- [main] o.s.b.w.embedded.tomcat.TomcatWebServer  : Tomcat initialized with port(s): 8080 (http)
2023-02-17 14:03:22.356  INFO 27552 --- [main] o.apache.catalina.core.StandardService   : Starting service [Tomcat]
2023-02-17 14:03:22.357  INFO 27552 --- [main] org.apache.catalina.core.StandardEngine  : Starting Servlet engine: [Apache Tomcat/9.0.65]
2023-02-17 14:03:22.542  INFO 27552 --- [main] o.a.c.c.C.[Tomcat].[localhost].[/]       : Initializing Spring embedded WebApplicationContext
2023-02-17 14:03:22.542  INFO 27552 --- [main] w.s.c.ServletWebServerApplicationContext : Root WebApplicationContext: initialization completed in 1886 ms
2023-02-17 14:03:23.321  INFO 27552 --- [main] o.s.s.web.DefaultSecurityFilterChain     : Will secure any request with [org.springframework.security.web.context.request.async.WebAsyncManagerIntegrationFilter@3d0035d2, org.springframework.security.web.context.SecurityContextPersistenceFilter@17fa1336, org.springframework.security.web.header.HeaderWriterFilter@50fb33a, org.springframework.security.web.authentication.logout.LogoutFilter@4dba773d, org.springframework.security.web.authentication.UsernamePasswordAuthenticationFilter@17f3eefb, org.springframework.security.web.savedrequest.RequestCacheAwareFilter@68b9834c, org.springframework.security.web.servletapi.SecurityContextHolderAwareRequestFilter@25aeb5ac, org.springframework.security.web.authentication.AnonymousAuthenticationFilter@2bfb6b49, org.springframework.security.web.session.SessionManagementFilter@1457fde, org.springframework.security.web.access.ExceptionTranslationFilter@1cc680e, org.springframework.security.web.access.intercept.FilterSecurityInterceptor@3a26ec8d]
2023-02-17 14:03:23.434  INFO 27552 --- [main] o.s.b.w.embedded.tomcat.TomcatWebServer  : Tomcat started on port(s): 8080 (http) with context path ''
2023-02-17 14:03:23.451  INFO 27552 --- [main] com.example.WebStudyApplication          : Started WebStudyApplication in 4.512 seconds (JVM running for 6.384)
2023-02-17 14:03:26.472  INFO 27552 --- [http-nio-8080-exec-1] o.a.c.c.C.[Tomcat].[localhost].[/]       : Initializing Spring DispatcherServlet 'dispatcherServlet'
2023-02-17 14:03:26.472  INFO 27552 --- [http-nio-8080-exec-1] o.s.web.servlet.DispatcherServlet        : Initializing Servlet 'dispatcherServlet'
2023-02-17 14:03:26.473  INFO 27552 --- [http-nio-8080-exec-1] o.s.web.servlet.DispatcherServlet        : Completed initialization in 1 ms
2023-02-17 14:03:26.542  INFO 27552 --- [http-nio-8080-exec-2] com.example.controller.MainController    : 有人访问登录页面
2023-02-17 14:03:36.632  INFO 27552 --- [http-nio-8080-exec-3] com.zaxxer.hikari.HikariDataSource       : HikariPool-1 - Starting...
2023-02-17 14:03:37.176  INFO 27552 --- [http-nio-8080-exec-3] com.zaxxer.hikari.HikariDataSource       : HikariPool-1 - Start completed.
2023-02-17 14:03:37.508  INFO 27552 --- [http-nio-8080-exec-4] com.example.controller.MainController    : 有人访问图片
2023-02-17 14:04:05.110  INFO 27552 --- [SpringApplicationShutdownHook] com.zaxxer.hikari.HikariDataSource       : HikariPool-1 - Shutdown initiated...
2023-02-17 14:04:05.116  INFO 27552 --- [SpringApplicationShutdownHook] com.zaxxer.hikari.HikariDataSource       : HikariPool-1 - Shutdown completed.
2023-02-17 14:04:12.548  INFO 18140 --- [main] com.example.WebStudyApplication          : Starting WebStudyApplication using Java 1.8.0_351 on CDZB-PF2PA734 with PID 18140 (C:\Users\ext.qiuyc1\IdeaProjects\WebStudy\target\classes started by ext.qiuyc1 in C:\Users\ext.qiuyc1\IdeaProjects\WebStudy)
2023-02-17 14:04:12.555  INFO 18140 --- [main] com.example.WebStudyApplication          : The following 1 profile is active: "dev"
2023-02-17 14:04:14.184  INFO 18140 --- [main] o.s.b.w.embedded.tomcat.TomcatWebServer  : Tomcat initialized with port(s): 8080 (http)
2023-02-17 14:04:14.196  INFO 18140 --- [main] o.apache.catalina.core.StandardService   : Starting service [Tomcat]
2023-02-17 14:04:14.197  INFO 18140 --- [main] org.apache.catalina.core.StandardEngine  : Starting Servlet engine: [Apache Tomcat/9.0.65]
2023-02-17 14:04:14.374  INFO 18140 --- [main] o.a.c.c.C.[Tomcat].[localhost].[/]       : Initializing Spring embedded WebApplicationContext
2023-02-17 14:04:14.374  INFO 18140 --- [main] w.s.c.ServletWebServerApplicationContext : Root WebApplicationContext: initialization completed in 1726 ms
2023-02-17 14:04:15.171  INFO 18140 --- [main] o.s.s.web.DefaultSecurityFilterChain     : Will secure any request with [org.springframework.security.web.context.request.async.WebAsyncManagerIntegrationFilter@254f906e, org.springframework.security.web.context.SecurityContextPersistenceFilter@6f94fb9d, org.springframework.security.web.header.HeaderWriterFilter@67e13bd0, org.springframework.security.web.authentication.logout.LogoutFilter@58ba5b30, org.springframework.security.web.authentication.UsernamePasswordAuthenticationFilter@54e02f6a, org.springframework.security.web.savedrequest.RequestCacheAwareFilter@4228bf58, org.springframework.security.web.servletapi.SecurityContextHolderAwareRequestFilter@2a369e14, org.springframework.security.web.authentication.AnonymousAuthenticationFilter@3d0035d2, org.springframework.security.web.session.SessionManagementFilter@2cae9b8, org.springframework.security.web.access.ExceptionTranslationFilter@561b7d53, org.springframework.security.web.access.intercept.FilterSecurityInterceptor@7a583586]
2023-02-17 14:04:15.296  INFO 18140 --- [main] o.s.b.w.embedded.tomcat.TomcatWebServer  : Tomcat started on port(s): 8080 (http) with context path ''
2023-02-17 14:04:15.314  INFO 18140 --- [main] com.example.WebStudyApplication          : Started WebStudyApplication in 3.789 seconds (JVM running for 5.226)
2023-02-17 14:04:25.587  INFO 18140 --- [http-nio-8080-exec-2] o.a.c.c.C.[Tomcat].[localhost].[/]       : Initializing Spring DispatcherServlet 'dispatcherServlet'
2023-02-17 14:04:25.587  INFO 18140 --- [http-nio-8080-exec-2] o.s.web.servlet.DispatcherServlet        : Initializing Servlet 'dispatcherServlet'
2023-02-17 14:04:25.590  INFO 18140 --- [http-nio-8080-exec-2] o.s.web.servlet.DispatcherServlet        : Completed initialization in 2 ms
2023-02-17 14:04:25.654  INFO 18140 --- [http-nio-8080-exec-1] com.example.controller.MainController    : 有人访问登录页面
2023-02-17 14:04:37.299  INFO 18140 --- [http-nio-8080-exec-5] com.zaxxer.hikari.HikariDataSource       : HikariPool-1 - Starting...
2023-02-17 14:04:37.858  INFO 18140 --- [http-nio-8080-exec-5] com.zaxxer.hikari.HikariDataSource       : HikariPool-1 - Start completed.
2023-02-17 14:04:38.420  INFO 18140 --- [http-nio-8080-exec-4] com.example.controller.MainController    : 有人访问图片
